<?xml version="1.0" encoding="UTF-8"?>
<!-- Generated by org.testng.reporters.JUnitReportReporter -->
<testsuite skipped="0" hostname="DESKTOP-8EQD6UM" name="Demo.DemoWebShop" tests="1" failures="0" timestamp="2023-04-16T23:12:31 PDT" time="2.577" errors="0">
  <testcase name="Ragi" time="2.577" classname="Demo.DemoWebShop"/>
  <system-out/>
</testsuite> <!-- Demo.DemoWebShop -->
